==================== 2026-04-13T18:13:56.280980Z | a471d7c1-d879-450f-a8de-0db93911e8d8 ====================
18:13:56.281062 [info ]: Starting dbt LSP server
18:13:56.281079 [info ]: Connecting to LSP client on port 8000
18:13:56.284077 [info ]: Successfully connected to LSP client
18:13:56.284109 [info ]: Creating LSP service...
18:13:56.405579 [info ]: Creating LSP server...
18:13:56.405613 [info ]: Starting LSP server...
18:13:56.455491 [info ]: Loading ~/.dbt/profiles.yml
18:13:56.563075 [info ]: Started loading project
18:13:56.564518 [info ]: Loading ~/.dbt/profiles.yml
18:13:56.605608 [debug]:    Started loading packages
18:13:56.617848 [debug]:     Loaded [  0.01s] packages
18:13:56.631439 [info ]: Started parsing
18:13:56.708814 [info ]: Finished loading project [  0.15s]
18:13:56.761830 [info ]: Finished parsing [  0.13s]
18:13:56.765678 [info ]: Cached model count updated: 0 models (estimate)
18:13:56.765708 [info ]: Cached model count updated: 0 models (accurate)
18:13:56.768962 [info ]: Started scheduling
18:13:56.774122 [info ]: Finished scheduling [  0.01s]
18:13:56.775758 [debug]: Compilation - 0 nodes selected: {}
18:13:56.777177 [warn ]: dbt1600: The selection criterion '' does not match any enabled nodes
18:13:56.777222 [warn ]: dbt1601: Nothing to do. Try checking your model configs and model specification args
18:13:56.777826 [info ]: Started scheduling
18:13:56.777882 [info ]: Finished scheduling [  0.00s]
18:13:57.051253 [info ]: Started building task graph
18:13:57.054115 [info ]: Finished building task graph [  0.00s]
18:13:57.072501 [info ]: Started scheduling
18:13:57.072563 [info ]: Finished scheduling [  0.00s]
18:13:57.073576 [info ]: Cached model count updated: 0 models (accurate)
18:13:58.747791 [info ]: Started loading project
18:13:58.748897 [info ]: Loading ~/.dbt/profiles.yml
18:13:58.765856 [info ]: Started parsing
18:13:58.797377 [info ]: Finished loading project [  0.05s]
18:13:58.801832 [info ]: Finished parsing [  0.04s]
18:13:58.805110 [info ]: Cached model count updated: 0 models (estimate)
18:13:58.805135 [info ]: Cached model count updated: 0 models (accurate)
18:13:58.805153 [info ]: Started scheduling
18:13:58.805182 [info ]: Finished scheduling [  0.00s]
18:13:58.805204 [info ]: Started scheduling
18:13:58.805212 [info ]: Finished scheduling [  0.00s]
18:13:58.805221 [debug]: Compilation - 0 nodes selected: {}
18:13:58.805234 [warn ]: dbt1601: Nothing to do. Try checking your model configs and model specification args
18:13:59.002939 [info ]: Started building task graph
18:13:59.002989 [info ]: Finished building task graph [  0.00s]
18:13:59.007341 [info ]: Started scheduling
18:13:59.007412 [info ]: Finished scheduling [  0.00s]
18:13:59.008264 [info ]: Cached model count updated: 0 models (accurate)
